<?xml version="1.0" encoding="UTF-8"?>
<!-- Generated by org.testng.reporters.JUnitReportReporter -->
<testsuite hostname="DESKTOP-TMON9OT" failures="0" tests="4" name="qa.mobile.TestInformacionDeCliente" time="66.846" errors="0" timestamp="2021-05-24T10:40:21 CLT" skipped="3">
  <testcase classname="qa.mobile.TestInformacionDeCliente" name="numeracionInvalida" time="66.846"/>
  <system-out/>
  <testcase classname="qa.mobile.TestInformacionDeCliente" name="anadirDireccionCorrecta">
    <skipped/>
  </testcase> <!-- anadirDireccionCorrecta -->
  <system-out/>
  <testcase classname="qa.mobile.TestInformacionDeCliente" name="direccionInvalida">
    <skipped/>
  </testcase> <!-- direccionInvalida -->
  <system-out/>
  <testcase classname="qa.mobile.TestInformacionDeCliente" name="ingresarUsuarioExistente">
    <skipped/>
  </testcase> <!-- ingresarUsuarioExistente -->
  <system-out/>
</testsuite> <!-- qa.mobile.TestInformacionDeCliente -->
