<?xml version="1.0" encoding="UTF-8"?>
<!-- Generated by org.testng.reporters.JUnitReportReporter -->
<testsuite hostname="DESKTOP-TMON9OT" failures="0" tests="4" name="qa.mobile.TestSeleccionProducto" time="0.011" errors="0" timestamp="2021-05-18T12:09:14 CLT" skipped="0">
  <testcase classname="qa.mobile.TestSeleccionProducto" name="borrarUsuario" time="0.008"/>
  <system-out/>
  <testcase classname="qa.mobile.TestSeleccionProducto" name="usuarioErroneo" time="0.001"/>
  <system-out/>
  <testcase classname="qa.mobile.TestSeleccionProducto" name="usuarioValido" time="0.001"/>
  <system-out/>
  <testcase classname="qa.mobile.TestSeleccionProducto" name="clickBtnVolver" time="0.001"/>
  <system-out/>
</testsuite> <!-- qa.mobile.TestSeleccionProducto -->
