<?xml version="1.0" encoding="UTF-8"?>
<!-- Generated by org.testng.reporters.JUnitReportReporter -->
<testsuite hostname="DESKTOP-TMON9OT" failures="0" tests="3" name="qa.mobile.SeleccionDeProducto" time="52.566" errors="0" timestamp="2021-05-24T16:38:51 CLT" skipped="2">
  <testcase classname="qa.mobile.SeleccionDeProducto" name="seleccionMaximaDeProducto" time="52.566"/>
  <system-out/>
  <testcase classname="qa.mobile.SeleccionDeProducto" name="visualizarCatalogoDeProducto">
    <skipped/>
  </testcase> <!-- visualizarCatalogoDeProducto -->
  <system-out/>
  <testcase classname="qa.mobile.SeleccionDeProducto" name="validarUsuarioExistente">
    <skipped/>
  </testcase> <!-- validarUsuarioExistente -->
  <system-out/>
</testsuite> <!-- qa.mobile.SeleccionDeProducto -->
