<?xml version="1.0" encoding="UTF-8"?>
<!-- Generated by org.testng.reporters.JUnitReportReporter -->
<testsuite hostname="DESKTOP-TMON9OT" failures="0" tests="4" name="qa.mobile.TestLogin" time="106.844" errors="0" timestamp="2021-05-19T11:02:43 CLT" skipped="0">
  <testcase classname="qa.mobile.TestLogin" name="usuarioValido" time="23.853"/>
  <system-out/>
  <testcase classname="qa.mobile.TestLogin" name="clickBtnVolver" time="27.218"/>
  <system-out/>
  <testcase classname="qa.mobile.TestLogin" name="borrarUsuario" time="27.854"/>
  <system-out/>
  <testcase classname="qa.mobile.TestLogin" name="usuarioErroneo2" time="27.919"/>
  <system-out/>
</testsuite> <!-- qa.mobile.TestLogin -->
